<?xml version="1.0" encoding="UTF-8"?>
<!-- Generated by org.testng.reporters.JUnitReportReporter -->
<testsuite skipped="1" hostname="admin-PC" name="com.TestNG.NewTest" tests="3" failures="0" timestamp="09 Dec 2018 11:51:34 GMT" time="0.021" errors="0">
  <testcase name="test1" time="0.019" classname="com.TestNG.NewTest"/>
  <testcase name="test3" time="0.002" classname="com.TestNG.NewTest"/>
  <testcase name="test2" classname="com.TestNG.NewTest">
    <skipped/>
  </testcase> <!-- test2 -->
</testsuite> <!-- com.TestNG.NewTest -->
