<?xml version="1.0" encoding="UTF-8"?>
<!-- Generated by org.testng.reporters.JUnitReportReporter -->
<testsuite skipped="1" hostname="admin-PC" name="com.TestNG.NewTest" tests="3" failures="0" timestamp="13 Dec 2018 05:02:22 GMT" time="0.032" errors="0">
  <testcase name="test1" time="0.028" classname="com.TestNG.NewTest"/>
  <testcase name="test3" time="0.004" classname="com.TestNG.NewTest"/>
  <testcase name="test2" classname="com.TestNG.NewTest">
    <skipped/>
  </testcase> <!-- test2 -->
</testsuite> <!-- com.TestNG.NewTest -->
