<?xml version="1.0" encoding="UTF-8"?>
<!-- Generated by org.testng.reporters.JUnitReportReporter -->
<testsuite skipped="0" hostname="admin-PC" name="com.TestNG.TestNG_Parameterization" tests="3" failures="0" timestamp="13 Dec 2018 05:11:03 GMT" time="0.022" errors="0">
  <testcase name="testMethod" time="0.018" classname="com.TestNG.TestNG_Parameterization"/>
  <testcase name="testMethod" time="0.002" classname="com.TestNG.TestNG_Parameterization"/>
  <testcase name="testMethod" time="0.002" classname="com.TestNG.TestNG_Parameterization"/>
</testsuite> <!-- com.TestNG.TestNG_Parameterization -->
