<?xml version="1.0" encoding="UTF-8"?>
<!-- Generated by org.testng.reporters.JUnitReportReporter -->
<testsuite skipped="0" hostname="admin-PC" name="NewTest" tests="2" failures="0" timestamp="07 Dec 2018 17:59:01 GMT" time="0.011" errors="0">
  <testcase name="test2" time="0.007" classname="NewTest"/>
  <testcase name="test1" time="0.004" classname="NewTest"/>
</testsuite> <!-- NewTest -->
